2026-06-11 16:04:57 | INFO     | __main__:main:48 - 🚀 StudyBot Pro در حال راه‌اندازی...
2026-06-11 16:04:57 | INFO     | __main__:on_startup:19 - ✅ دیتابیس آماده شد
2026-06-11 16:04:58 | INFO     | __main__:on_startup:21 - 🤖 ربات @motaleyar_bot شروع به کار کرد
2026-06-11 16:10:02 | INFO     | __main__:main:50 - 🚀 StudyBot Pro در حال راه‌اندازی...
2026-06-11 16:10:02 | INFO     | __main__:on_startup:21 - ✅ دیتابیس آماده شد
2026-06-11 16:10:02 | INFO     | __main__:on_startup:23 - 🤖 ربات @motaleyar_bot شروع به کار کرد
2026-06-11 16:13:39 | INFO     | __main__:main:50 - 🚀 StudyBot Pro در حال راه‌اندازی...
2026-06-11 16:13:39 | INFO     | __main__:on_startup:21 - ✅ دیتابیس آماده شد
2026-06-11 16:13:39 | INFO     | __main__:on_startup:23 - 🤖 ربات @motaleyar_bot شروع به کار کرد
2026-06-11 16:36:28 | INFO     | __main__:main:55 - 🚀 StudyBot Pro در حال راه‌اندازی...
2026-06-11 16:36:28 | INFO     | reminders.scheduler:start_scheduler:11 - ⏰ Scheduler راه‌اندازی شد
2026-06-11 16:36:28 | INFO     | __main__:on_startup:24 - ✅ دیتابیس آماده شد
2026-06-11 16:36:29 | INFO     | __main__:on_startup:26 - 🤖 ربات @motaleyar_bot شروع به کار کرد
2026-06-11 16:39:15 | INFO     | __main__:main:55 - 🚀 StudyBot Pro در حال راه‌اندازی...
2026-06-11 16:39:15 | INFO     | reminders.scheduler:start_scheduler:11 - ⏰ Scheduler راه‌اندازی شد
2026-06-11 16:39:15 | INFO     | __main__:on_startup:24 - ✅ دیتابیس آماده شد
2026-06-11 16:39:15 | INFO     | __main__:on_startup:26 - 🤖 ربات @motaleyar_bot شروع به کار کرد
2026-06-11 16:43:06 | INFO     | reminders.scheduler:stop_scheduler:17 - ⏰ Scheduler متوقف شد
2026-06-11 16:43:06 | INFO     | __main__:on_shutdown:31 - ⛔ ربات متوقف شد
2026-06-11 16:45:52 | INFO     | __main__:main:55 - 🚀 StudyBot Pro در حال راه‌اندازی...
2026-06-11 16:45:52 | INFO     | reminders.scheduler:start_scheduler:11 - ⏰ Scheduler راه‌اندازی شد
2026-06-11 16:45:52 | INFO     | __main__:on_startup:24 - ✅ دیتابیس آماده شد
2026-06-11 16:45:52 | INFO     | __main__:on_startup:26 - 🤖 ربات @motaleyar_bot شروع به کار کرد
2026-06-11 16:49:17 | INFO     | reminders.scheduler:stop_scheduler:17 - ⏰ Scheduler متوقف شد
2026-06-11 16:49:17 | INFO     | __main__:on_shutdown:31 - ⛔ ربات متوقف شد
2026-06-11 16:49:22 | INFO     | __main__:main:55 - 🚀 StudyBot Pro در حال راه‌اندازی...
2026-06-11 16:49:22 | INFO     | reminders.scheduler:start_scheduler:11 - ⏰ Scheduler راه‌اندازی شد
2026-06-11 16:49:22 | INFO     | __main__:on_startup:24 - ✅ دیتابیس آماده شد
2026-06-11 16:49:22 | INFO     | __main__:on_startup:26 - 🤖 ربات @motaleyar_bot شروع به کار کرد
2026-06-11 16:50:51 | INFO     | reminders.scheduler:stop_scheduler:17 - ⏰ Scheduler متوقف شد
2026-06-11 16:50:51 | INFO     | __main__:on_shutdown:31 - ⛔ ربات متوقف شد
2026-06-11 16:57:22 | INFO     | __main__:main:51 - StudyBot Pro در حال راه‌اندازی...
2026-06-11 16:57:22 | INFO     | reminders.scheduler:start_scheduler:11 - ⏰ Scheduler راه‌اندازی شد
2026-06-11 16:57:22 | INFO     | __main__:on_startup:22 - دیتابیس آماده شد
2026-06-11 16:57:22 | INFO     | __main__:on_startup:24 - ربات @motaleyar_bot شروع به کار کرد
2026-06-11 16:59:10 | INFO     | reminders.scheduler:stop_scheduler:17 - ⏰ Scheduler متوقف شد
2026-06-11 16:59:10 | INFO     | __main__:on_shutdown:29 - ربات متوقف شد
2026-06-11 16:59:45 | INFO     | __main__:main:51 - StudyBot Pro در حال راه‌اندازی...
2026-06-11 16:59:45 | INFO     | reminders.scheduler:start_scheduler:11 - ⏰ Scheduler راه‌اندازی شد
2026-06-11 16:59:45 | INFO     | __main__:on_startup:22 - دیتابیس آماده شد
2026-06-11 16:59:45 | INFO     | __main__:on_startup:24 - ربات @motaleyar_bot شروع به کار کرد
2026-06-11 17:06:13 | INFO     | reminders.scheduler:stop_scheduler:17 - ⏰ Scheduler متوقف شد
2026-06-11 17:06:13 | INFO     | __main__:on_shutdown:29 - ربات متوقف شد
2026-06-11 17:06:23 | INFO     | __main__:main:51 - StudyBot Pro در حال راه‌اندازی...
2026-06-11 17:06:23 | INFO     | reminders.scheduler:start_scheduler:11 - ⏰ Scheduler راه‌اندازی شد
2026-06-11 17:06:23 | INFO     | __main__:on_startup:22 - دیتابیس آماده شد
2026-06-11 17:06:23 | INFO     | __main__:on_startup:24 - ربات @motaleyar_bot شروع به کار کرد
2026-06-11 17:12:11 | INFO     | reminders.scheduler:stop_scheduler:17 - ⏰ Scheduler متوقف شد
2026-06-11 17:12:11 | INFO     | __main__:on_shutdown:29 - ربات متوقف شد
2026-06-11 17:16:30 | INFO     | __main__:main:51 - StudyBot Pro در حال راه‌اندازی...
2026-06-11 17:16:30 | INFO     | reminders.scheduler:start_scheduler:11 - ⏰ Scheduler راه‌اندازی شد
2026-06-11 17:16:30 | INFO     | __main__:on_startup:22 - دیتابیس آماده شد
2026-06-11 17:16:31 | INFO     | __main__:on_startup:24 - ربات @motaleyar_bot شروع به کار کرد
2026-06-11 17:21:27 | INFO     | reminders.scheduler:stop_scheduler:17 - ⏰ Scheduler متوقف شد
2026-06-11 17:21:27 | INFO     | __main__:on_shutdown:29 - ربات متوقف شد
2026-06-11 17:31:25 | INFO     | __main__:main:60 - StudyBot Pro در حال راه‌اندازی...
2026-06-11 17:31:25 | INFO     | reminders.scheduler:start_scheduler:11 - ⏰ Scheduler راه‌اندازی شد
2026-06-11 17:31:25 | INFO     | __main__:on_startup:29 - دیتابیس آماده شد
2026-06-11 17:31:38 | INFO     | __main__:on_startup:31 - ربات @motaleyar_bot شروع به کار کرد
2026-06-11 17:36:11 | INFO     | reminders.scheduler:stop_scheduler:17 - ⏰ Scheduler متوقف شد
2026-06-11 17:36:11 | INFO     | __main__:on_shutdown:36 - ربات متوقف شد
2026-06-11 17:41:30 | INFO     | __main__:main:60 - StudyBot Pro در حال راه‌اندازی...
2026-06-11 17:41:30 | INFO     | reminders.scheduler:start_scheduler:11 - ⏰ Scheduler راه‌اندازی شد
2026-06-11 17:41:30 | INFO     | __main__:on_startup:29 - دیتابیس آماده شد
2026-06-11 17:41:31 | INFO     | __main__:on_startup:31 - ربات @motaleyar_bot شروع به کار کرد
2026-06-11 17:52:10 | INFO     | reminders.scheduler:stop_scheduler:17 - ⏰ Scheduler متوقف شد
2026-06-11 17:52:10 | INFO     | __main__:on_shutdown:36 - ربات متوقف شد
2026-06-11 17:55:48 | INFO     | __main__:main:60 - StudyBot Pro در حال راه‌اندازی...
2026-06-11 17:55:48 | INFO     | reminders.scheduler:start_scheduler:11 - ⏰ Scheduler راه‌اندازی شد
2026-06-11 17:55:48 | INFO     | __main__:on_startup:29 - دیتابیس آماده شد
2026-06-11 17:55:49 | INFO     | __main__:on_startup:31 - ربات @motaleyar_bot شروع به کار کرد
2026-06-11 17:57:49 | INFO     | reminders.scheduler:stop_scheduler:17 - ⏰ Scheduler متوقف شد
2026-06-11 17:57:49 | INFO     | __main__:on_shutdown:36 - ربات متوقف شد
2026-06-11 18:02:45 | INFO     | __main__:main:60 - StudyBot Pro در حال راه‌اندازی...
2026-06-11 18:02:45 | INFO     | reminders.scheduler:start_scheduler:11 - ⏰ Scheduler راه‌اندازی شد
2026-06-11 18:02:45 | INFO     | __main__:on_startup:29 - دیتابیس آماده شد
2026-06-11 18:02:46 | INFO     | __main__:on_startup:31 - ربات @motaleyar_bot شروع به کار کرد
2026-06-11 19:36:47 | INFO     | __main__:main:60 - StudyBot Pro در حال راه‌اندازی...
2026-06-11 19:36:47 | INFO     | reminders.scheduler:start_scheduler:11 - ⏰ Scheduler راه‌اندازی شد
2026-06-11 19:36:47 | INFO     | __main__:on_startup:29 - دیتابیس آماده شد
2026-06-11 19:36:48 | INFO     | __main__:on_startup:31 - ربات @motaleyar_bot شروع به کار کرد
2026-06-11 19:37:36 | INFO     | reminders.scheduler:stop_scheduler:17 - ⏰ Scheduler متوقف شد
2026-06-11 19:37:36 | INFO     | __main__:on_shutdown:36 - ربات متوقف شد
2026-06-11 19:38:08 | INFO     | __main__:main:60 - StudyBot Pro در حال راه‌اندازی...
2026-06-11 19:38:08 | INFO     | reminders.scheduler:start_scheduler:11 - ⏰ Scheduler راه‌اندازی شد
2026-06-11 19:38:08 | INFO     | __main__:on_startup:29 - دیتابیس آماده شد
2026-06-11 19:38:09 | INFO     | __main__:on_startup:31 - ربات @motaleyar_bot شروع به کار کرد
2026-06-11 19:40:02 | INFO     | reminders.scheduler:stop_scheduler:17 - ⏰ Scheduler متوقف شد
2026-06-11 19:40:02 | INFO     | __main__:on_shutdown:36 - ربات متوقف شد
2026-06-11 20:19:00 | INFO     | __main__:main:60 - StudyBot Pro در حال راه‌اندازی...
2026-06-11 20:19:00 | INFO     | reminders.scheduler:start_scheduler:11 - ⏰ Scheduler راه‌اندازی شد
2026-06-11 20:19:00 | INFO     | __main__:on_startup:29 - دیتابیس آماده شد
2026-06-11 20:19:01 | INFO     | __main__:on_startup:31 - ربات @motaleyar_bot شروع به کار کرد
2026-06-11 20:40:34 | INFO     | __main__:main:60 - StudyBot Pro در حال راه‌اندازی...
2026-06-11 20:40:34 | INFO     | reminders.scheduler:start_scheduler:11 - ⏰ Scheduler راه‌اندازی شد
2026-06-11 20:40:34 | INFO     | __main__:on_startup:29 - دیتابیس آماده شد
2026-06-11 20:40:34 | INFO     | __main__:on_startup:31 - ربات @motaleyar_bot شروع به کار کرد
2026-06-11 20:43:52 | INFO     | reminders.scheduler:stop_scheduler:17 - ⏰ Scheduler متوقف شد
2026-06-11 20:43:52 | INFO     | __main__:on_shutdown:36 - ربات متوقف شد
2026-06-11 20:44:08 | INFO     | __main__:main:60 - StudyBot Pro در حال راه‌اندازی...
2026-06-11 20:44:08 | INFO     | reminders.scheduler:start_scheduler:11 - ⏰ Scheduler راه‌اندازی شد
2026-06-11 20:44:08 | INFO     | __main__:on_startup:29 - دیتابیس آماده شد
2026-06-11 20:44:08 | INFO     | __main__:on_startup:31 - ربات @motaleyar_bot شروع به کار کرد
2026-06-11 20:44:52 | INFO     | reminders.scheduler:stop_scheduler:17 - ⏰ Scheduler متوقف شد
2026-06-11 20:44:52 | INFO     | __main__:on_shutdown:36 - ربات متوقف شد
2026-06-11 20:45:08 | INFO     | __main__:main:60 - StudyBot Pro در حال راه‌اندازی...
2026-06-11 20:45:08 | INFO     | reminders.scheduler:start_scheduler:11 - ⏰ Scheduler راه‌اندازی شد
2026-06-11 20:45:08 | INFO     | __main__:on_startup:29 - دیتابیس آماده شد
2026-06-11 20:45:08 | INFO     | __main__:on_startup:31 - ربات @motaleyar_bot شروع به کار کرد
2026-06-11 20:50:04 | INFO     | reminders.scheduler:stop_scheduler:17 - ⏰ Scheduler متوقف شد
2026-06-11 20:50:04 | INFO     | __main__:on_shutdown:36 - ربات متوقف شد
2026-06-11 20:58:03 | INFO     | __main__:main:60 - StudyBot Pro در حال راه‌اندازی...
2026-06-11 20:58:03 | INFO     | reminders.scheduler:start_scheduler:11 - ⏰ Scheduler راه‌اندازی شد
2026-06-11 20:58:03 | INFO     | __main__:on_startup:29 - دیتابیس آماده شد
2026-06-11 20:58:03 | INFO     | __main__:on_startup:31 - ربات @motaleyar_bot شروع به کار کرد
2026-06-11 21:00:13 | INFO     | reminders.scheduler:stop_scheduler:17 - ⏰ Scheduler متوقف شد
2026-06-11 21:00:13 | INFO     | __main__:on_shutdown:36 - ربات متوقف شد
2026-06-11 21:03:48 | INFO     | __main__:main:60 - StudyBot Pro در حال راه‌اندازی...
2026-06-11 21:03:48 | INFO     | reminders.scheduler:start_scheduler:11 - ⏰ Scheduler راه‌اندازی شد
2026-06-11 21:03:48 | INFO     | __main__:on_startup:29 - دیتابیس آماده شد
2026-06-11 21:03:49 | INFO     | __main__:on_startup:31 - ربات @motaleyar_bot شروع به کار کرد
2026-06-11 21:06:19 | INFO     | reminders.scheduler:stop_scheduler:17 - ⏰ Scheduler متوقف شد
2026-06-11 21:06:19 | INFO     | __main__:on_shutdown:36 - ربات متوقف شد
2026-06-11 21:10:28 | INFO     | __main__:main:60 - StudyBot Pro در حال راه‌اندازی...
2026-06-11 21:10:28 | INFO     | reminders.scheduler:start_scheduler:11 - ⏰ Scheduler راه‌اندازی شد
2026-06-11 21:10:28 | INFO     | __main__:on_startup:29 - دیتابیس آماده شد
2026-06-11 21:10:29 | INFO     | __main__:on_startup:31 - ربات @motaleyar_bot شروع به کار کرد
2026-06-11 21:12:35 | INFO     | reminders.scheduler:stop_scheduler:17 - ⏰ Scheduler متوقف شد
2026-06-11 21:12:35 | INFO     | __main__:on_shutdown:36 - ربات متوقف شد
2026-06-11 21:14:52 | INFO     | __main__:main:60 - StudyBot Pro در حال راه‌اندازی...
2026-06-11 21:14:52 | INFO     | reminders.scheduler:start_scheduler:11 - ⏰ Scheduler راه‌اندازی شد
2026-06-11 21:14:52 | INFO     | __main__:on_startup:29 - دیتابیس آماده شد
2026-06-11 21:14:52 | INFO     | __main__:on_startup:31 - ربات @motaleyar_bot شروع به کار کرد
2026-06-11 21:16:42 | INFO     | reminders.scheduler:stop_scheduler:17 - ⏰ Scheduler متوقف شد
2026-06-11 21:16:42 | INFO     | __main__:on_shutdown:36 - ربات متوقف شد
2026-06-11 21:22:12 | INFO     | __main__:main:60 - StudyBot Pro در حال راه‌اندازی...
2026-06-11 21:22:12 | INFO     | reminders.scheduler:start_scheduler:11 - ⏰ Scheduler راه‌اندازی شد
2026-06-11 21:22:12 | INFO     | __main__:on_startup:29 - دیتابیس آماده شد
2026-06-11 21:22:12 | INFO     | __main__:on_startup:31 - ربات @motaleyar_bot شروع به کار کرد
2026-06-11 21:38:29 | INFO     | __main__:main:60 - StudyBot Pro در حال راه‌اندازی...
2026-06-11 21:38:29 | INFO     | reminders.scheduler:start_scheduler:11 - ⏰ Scheduler راه‌اندازی شد
2026-06-11 21:38:29 | INFO     | __main__:on_startup:29 - دیتابیس آماده شد
2026-06-11 21:38:30 | INFO     | __main__:on_startup:31 - ربات @motaleyar_bot شروع به کار کرد
2026-06-11 21:40:33 | INFO     | reminders.scheduler:stop_scheduler:17 - ⏰ Scheduler متوقف شد
2026-06-11 21:40:33 | INFO     | __main__:on_shutdown:36 - ربات متوقف شد
2026-06-11 21:40:39 | INFO     | __main__:main:60 - StudyBot Pro در حال راه‌اندازی...
2026-06-11 21:40:39 | INFO     | reminders.scheduler:start_scheduler:11 - ⏰ Scheduler راه‌اندازی شد
2026-06-11 21:40:39 | INFO     | __main__:on_startup:29 - دیتابیس آماده شد
2026-06-11 21:40:39 | INFO     | __main__:on_startup:31 - ربات @motaleyar_bot شروع به کار کرد
2026-06-11 21:41:52 | INFO     | reminders.scheduler:stop_scheduler:17 - ⏰ Scheduler متوقف شد
2026-06-11 21:41:52 | INFO     | __main__:on_shutdown:36 - ربات متوقف شد
2026-06-11 21:41:57 | INFO     | __main__:main:60 - StudyBot Pro در حال راه‌اندازی...
2026-06-11 21:41:57 | INFO     | reminders.scheduler:start_scheduler:11 - ⏰ Scheduler راه‌اندازی شد
2026-06-11 21:41:57 | INFO     | __main__:on_startup:29 - دیتابیس آماده شد
2026-06-11 21:41:58 | INFO     | __main__:on_startup:31 - ربات @motaleyar_bot شروع به کار کرد
2026-06-11 21:50:28 | INFO     | reminders.scheduler:stop_scheduler:17 - ⏰ Scheduler متوقف شد
2026-06-11 21:50:28 | INFO     | __main__:on_shutdown:36 - ربات متوقف شد
2026-06-11 21:51:08 | INFO     | __main__:main:60 - StudyBot Pro در حال راه‌اندازی...
2026-06-11 21:51:08 | INFO     | reminders.scheduler:start_scheduler:11 - ⏰ Scheduler راه‌اندازی شد
2026-06-11 21:51:08 | INFO     | __main__:on_startup:29 - دیتابیس آماده شد
2026-06-11 21:51:08 | INFO     | __main__:on_startup:31 - ربات @motaleyar_bot شروع به کار کرد
2026-06-11 21:53:43 | INFO     | reminders.scheduler:stop_scheduler:17 - ⏰ Scheduler متوقف شد
2026-06-11 21:53:43 | INFO     | __main__:on_shutdown:36 - ربات متوقف شد
2026-06-11 21:53:49 | INFO     | __main__:main:60 - StudyBot Pro در حال راه‌اندازی...
2026-06-11 21:53:49 | INFO     | reminders.scheduler:start_scheduler:11 - ⏰ Scheduler راه‌اندازی شد
2026-06-11 21:53:49 | INFO     | __main__:on_startup:29 - دیتابیس آماده شد
2026-06-11 21:53:49 | INFO     | __main__:on_startup:31 - ربات @motaleyar_bot شروع به کار کرد
2026-06-11 21:55:28 | INFO     | __main__:main:60 - StudyBot Pro در حال راه‌اندازی...
2026-06-11 21:55:28 | INFO     | reminders.scheduler:start_scheduler:11 - ⏰ Scheduler راه‌اندازی شد
2026-06-11 21:55:28 | INFO     | __main__:on_startup:29 - دیتابیس آماده شد
2026-06-11 21:55:28 | INFO     | __main__:on_startup:31 - ربات @motaleyar_bot شروع به کار کرد
2026-06-11 21:57:35 | INFO     | __main__:main:60 - StudyBot Pro در حال راه‌اندازی...
2026-06-11 21:57:35 | INFO     | reminders.scheduler:start_scheduler:11 - ⏰ Scheduler راه‌اندازی شد
2026-06-11 21:57:35 | INFO     | __main__:on_startup:29 - دیتابیس آماده شد
2026-06-11 21:57:36 | INFO     | __main__:on_startup:31 - ربات @motaleyar_bot شروع به کار کرد
2026-06-11 22:00:05 | INFO     | __main__:main:60 - StudyBot Pro در حال راه‌اندازی...
2026-06-11 22:00:05 | INFO     | reminders.scheduler:start_scheduler:11 - ⏰ Scheduler راه‌اندازی شد
2026-06-11 22:00:05 | INFO     | __main__:on_startup:29 - دیتابیس آماده شد
2026-06-11 22:00:06 | INFO     | __main__:on_startup:31 - ربات @motaleyar_bot شروع به کار کرد
2026-06-11 22:02:07 | INFO     | __main__:main:60 - StudyBot Pro در حال راه‌اندازی...
2026-06-11 22:02:07 | INFO     | reminders.scheduler:start_scheduler:11 - ⏰ Scheduler راه‌اندازی شد
2026-06-11 22:02:07 | INFO     | __main__:on_startup:29 - دیتابیس آماده شد
2026-06-11 22:02:07 | INFO     | __main__:on_startup:31 - ربات @motaleyar_bot شروع به کار کرد
2026-06-11 22:06:27 | INFO     | __main__:main:60 - StudyBot Pro در حال راه‌اندازی...
2026-06-11 22:06:27 | INFO     | reminders.scheduler:start_scheduler:11 - ⏰ Scheduler راه‌اندازی شد
2026-06-11 22:06:27 | INFO     | __main__:on_startup:29 - دیتابیس آماده شد
2026-06-11 22:06:27 | INFO     | __main__:on_startup:31 - ربات @motaleyar_bot شروع به کار کرد
2026-06-11 22:07:53 | INFO     | reminders.scheduler:stop_scheduler:17 - ⏰ Scheduler متوقف شد
2026-06-11 22:07:53 | INFO     | __main__:on_shutdown:36 - ربات متوقف شد
2026-06-11 22:08:19 | INFO     | __main__:main:60 - StudyBot Pro در حال راه‌اندازی...
2026-06-11 22:08:19 | INFO     | reminders.scheduler:start_scheduler:11 - ⏰ Scheduler راه‌اندازی شد
2026-06-11 22:08:19 | INFO     | __main__:on_startup:29 - دیتابیس آماده شد
2026-06-11 22:08:19 | INFO     | __main__:on_startup:31 - ربات @motaleyar_bot شروع به کار کرد
2026-06-11 22:09:53 | INFO     | reminders.scheduler:stop_scheduler:17 - ⏰ Scheduler متوقف شد
2026-06-11 22:09:53 | INFO     | __main__:on_shutdown:36 - ربات متوقف شد
2026-06-11 22:12:43 | INFO     | __main__:main:60 - StudyBot Pro در حال راه‌اندازی...
2026-06-11 22:12:43 | INFO     | reminders.scheduler:start_scheduler:11 - ⏰ Scheduler راه‌اندازی شد
2026-06-11 22:12:43 | INFO     | __main__:on_startup:29 - دیتابیس آماده شد
2026-06-11 22:12:43 | INFO     | __main__:on_startup:31 - ربات @motaleyar_bot شروع به کار کرد
2026-06-11 22:15:50 | INFO     | reminders.scheduler:stop_scheduler:17 - ⏰ Scheduler متوقف شد
2026-06-11 22:15:50 | INFO     | __main__:on_shutdown:36 - ربات متوقف شد
2026-06-11 22:16:24 | INFO     | __main__:main:60 - StudyBot Pro در حال راه‌اندازی...
2026-06-11 22:16:24 | INFO     | reminders.scheduler:start_scheduler:11 - ⏰ Scheduler راه‌اندازی شد
2026-06-11 22:16:24 | INFO     | __main__:on_startup:29 - دیتابیس آماده شد
2026-06-11 22:16:28 | INFO     | __main__:on_startup:31 - ربات @motaleyar_bot شروع به کار کرد
2026-06-11 22:17:46 | INFO     | reminders.scheduler:stop_scheduler:17 - ⏰ Scheduler متوقف شد
2026-06-11 22:17:46 | INFO     | __main__:on_shutdown:36 - ربات متوقف شد
2026-06-11 22:18:02 | INFO     | __main__:main:60 - StudyBot Pro در حال راه‌اندازی...
2026-06-11 22:18:02 | INFO     | reminders.scheduler:start_scheduler:11 - ⏰ Scheduler راه‌اندازی شد
2026-06-11 22:18:02 | INFO     | __main__:on_startup:29 - دیتابیس آماده شد
2026-06-11 22:18:02 | INFO     | __main__:on_startup:31 - ربات @motaleyar_bot شروع به کار کرد
2026-06-11 22:19:18 | INFO     | reminders.scheduler:stop_scheduler:17 - ⏰ Scheduler متوقف شد
2026-06-11 22:19:18 | INFO     | __main__:on_shutdown:36 - ربات متوقف شد
2026-06-11 22:19:23 | INFO     | __main__:main:60 - StudyBot Pro در حال راه‌اندازی...
2026-06-11 22:19:23 | INFO     | reminders.scheduler:start_scheduler:11 - ⏰ Scheduler راه‌اندازی شد
2026-06-11 22:19:23 | INFO     | __main__:on_startup:29 - دیتابیس آماده شد
2026-06-11 22:19:24 | INFO     | __main__:on_startup:31 - ربات @motaleyar_bot شروع به کار کرد
2026-06-11 22:19:39 | INFO     | reminders.scheduler:stop_scheduler:17 - ⏰ Scheduler متوقف شد
2026-06-11 22:19:39 | INFO     | __main__:on_shutdown:36 - ربات متوقف شد
2026-06-11 22:23:26 | INFO     | __main__:main:60 - StudyBot Pro در حال راه‌اندازی...
2026-06-11 22:23:26 | INFO     | reminders.scheduler:start_scheduler:11 - ⏰ Scheduler راه‌اندازی شد
2026-06-11 22:23:26 | INFO     | __main__:on_startup:29 - دیتابیس آماده شد
2026-06-11 22:23:26 | INFO     | __main__:on_startup:31 - ربات @motaleyar_bot شروع به کار کرد
2026-06-11 22:34:40 | INFO     | reminders.scheduler:add_daily_reminder:43 - ⏰ یادآور برای 5500075084 در 20:30 ثبت شد
